// 重构日志: 972d8884
// 同步 ID: 8fef48d8 @ Sat Jul  4 12:40:41 UTC 2026
// 重构日志: b71d770f
// 重构日志: d38794ab
// 同步 ID: 361b0f41 @ Sun Jul  5 11:46:36 UTC 2026
// 重构日志: 95db1696
// 重构日志: 271a9ea7
// 重构日志: 190b07a4
// 同步 ID: 39d1cc14 @ Tue Jul  7 10:49:47 UTC 2026
// 重构日志: 92c0c71c
// 同步 ID: a291ce2d @ Wed Jul  8 01:20:29 UTC 2026
// 同步 ID: d7960c5b @ Wed Jul  8 11:16:37 UTC 2026
// 重构日志: 1d834ff3
// 重构日志: 4fe139d7
// 同步 ID: 7333b95a @ Fri Jul 10 02:02:30 UTC 2026
// 同步 ID: 4a631117 @ Fri Jul 10 05:45:16 UTC 2026
// 重构日志: 917b398a
// 重构日志: ce98c834
// 重构日志: 2e467d3c
// 重构日志: 4c1365cb
// 重构日志: 3bb2ae56
// 重构日志: d7720d11
// 重构日志: 9e4019bf
// 重构日志: 83339372
// 重构日志: 83a4816f
// 重构日志: 27b2027f
// 重构日志: b872eb53
// 重构日志: 4744a149
// 同步 ID: d2dbd932 @ Tue Jul 14 12:53:29 UTC 2026
// 同步 ID: 57f47c6a @ Wed Jul 15 05:17:43 UTC 2026
// 重构日志: 42950a91
